#
# A fatal error has been detected by the Java Runtime Environment:
#
#  EXCEPTION_ACCESS_VIOLATION (0xc0000005) at pc=0x000000005089e03b, pid=9652, tid=0x00000000000025dc
#
# JRE version: OpenJDK Runtime Environment (8.0_76-b03) (build 1.8.0_76-release-b03)
# Java VM: OpenJDK 64-Bit Server VM (25.76-b03 mixed mode windows-amd64 compressed oops)
# Problematic frame:
# V  [jvm.dll+0xee03b]
#
# Failed to write core dump. Minidumps are not enabled by default on client versions of Windows
#
# If you would like to submit a bug report, please visit:
#   http://bugreport.java.com/bugreport/crash.jsp
#

---------------  T H R E A D  ---------------

Current thread (0x000000000289b000):  GCTaskThread [stack: 0x0000000012550000,0x0000000012650000] [id=9692]

siginfo: ExceptionCode=0xc0000005, reading address 0x0000000000000170

Registers:
RAX=0x0000000012650000, RBX=0x00000000a26b5e90, RCX=0x0000000000000003, RDX=0x0000000000000001
RSP=0x000000001264f410, RBP=0x00000000f70d9790, RSI=0x000000000296a8c0, RDI=0x000000000296a8c0
R8 =0x0000000000000168, R9 =0x000000010082c178, R10=0x000000000000000c, R11=0x0000000050d6fa68
R12=0x00000000f70d9794, R13=0x000000010082c3b8, R14=0x000000010082c3c0, R15=0x00000000f70d9778
RIP=0x000000005089e03b, EFLAGS=0x0000000000010202

Top of Stack: (sp=0x000000001264f410)
0x000000001264f410:   000000010082c178 00000000f70d9758
0x000000001264f420:   000000000296a8c0 00000000509a41f2
0x000000001264f430:   0000000000000000 000000000289b810
0x000000001264f440:   0000000002891320 00000000f6334158
0x000000001264f450:   0000000000006619 0000000050b6eb00
0x000000001264f460:   000000000296a8c0 0000000000000400
0x000000001264f470:   000000000296a8c0 0000000050dbba18
0x000000001264f480:   00003fe20000648b 00003fe30000648b
0x000000001264f490:   0000000050f69d00 00000000f6334158
0x000000001264f4a0:   0000000000000400 00007bab00003c6b
0x000000001264f4b0:   00000000f59d7108 000000005089e0d6
0x000000001264f4c0:   00000000f5ef0db0 0000000002891320
0x000000001264f4d0:   000000000289b820 000000000289b810
0x000000001264f4e0:   0000000050dbba18 0000000000000003
0x000000001264f4f0:   000000001c7f9d70 0000000000000000
0x000000001264f500:   000000000296a8c0 0000000050b6c47f 

Instructions: (pc=0x000000005089e03b)
0x000000005089e01b:   6c 00 84 d2 74 16 44 8b 43 08 8b 0d 25 46 66 00
0x000000005089e02b:   49 d3 e0 4c 03 05 13 46 66 00 eb 04 4c 8b 43 08
0x000000005089e03b:   45 8b 48 08 45 85 c9 7e 0c 41 f6 c1 01 75 4b 41
0x000000005089e04b:   c1 f9 03 eb 57 79 43 84 d2 41 8b c9 b8 10 00 00 


Register to memory mapping:

RAX=0x0000000012650000 is an unknown value
RBX=0x00000000a26b5e90 is pointing into object: 0x00000000a26b5e28
java.lang.Class 
 - klass: 'java/lang/Class'
RCX=0x0000000000000003 is an unknown value
RDX=0x0000000000000001 is an unknown value
RSP=0x000000001264f410 is an unknown value
RBP=0x00000000f70d9790 is an oop

[error occurred during error reporting (printing register info), id 0xc0000005]

Stack: [0x0000000012550000,0x0000000012650000],  sp=0x000000001264f410,  free space=1021k
Native frames: (J=compiled Java code, j=interpreted, Vv=VM code, C=native code)
V  [jvm.dll+0xee03b]
V  [jvm.dll+0x3beb00]
V  [jvm.dll+0x3bc47f]
V  [jvm.dll+0x3b997e]
V  [jvm.dll+0x26b60a]
C  [msvcr100.dll+0x21d9f]
C  [msvcr100.dll+0x21e3b]
C  [KERNEL32.DLL+0x8364]
C  [ntdll.dll+0x670d1]


---------------  P R O C E S S  ---------------

Java Threads: ( => current thread )
  0x000000001c4d4000 JavaThread "pool-56-thread-4" [_thread_blocked, id=8076, stack(0x000000002d450000,0x000000002d550000)]
  0x000000001c4d7000 JavaThread "pool-56-thread-3" [_thread_blocked, id=9400, stack(0x000000002d350000,0x000000002d450000)]
  0x000000001c4d3000 JavaThread "pool-56-thread-2" [_thread_blocked, id=4224, stack(0x000000002d250000,0x000000002d350000)]
  0x000000001c4d1000 JavaThread "pool-57-thread-1" [_thread_blocked, id=11088, stack(0x000000002d150000,0x000000002d250000)]
  0x000000001c4c8800 JavaThread "pool-56-thread-1" [_thread_blocked, id=112, stack(0x000000002d050000,0x000000002d150000)]
  0x000000001c4ca000 JavaThread "pool-54-thread-4" [_thread_blocked, id=9092, stack(0x000000002cf50000,0x000000002d050000)]
  0x000000001c4c9800 JavaThread "pool-54-thread-3" [_thread_blocked, id=10788, stack(0x000000002ce50000,0x000000002cf50000)]
  0x000000001c4cd000 JavaThread "pool-54-thread-2" [_thread_blocked, id=8132, stack(0x000000002cd50000,0x000000002ce50000)]
  0x000000001c4d0000 JavaThread "pool-55-thread-1" [_thread_blocked, id=2424, stack(0x000000002cc50000,0x000000002cd50000)]
  0x000000001c4cf800 JavaThread "pool-54-thread-1" [_thread_blocked, id=7476, stack(0x000000002cb50000,0x000000002cc50000)]
  0x000000001c4c8000 JavaThread "pool-52-thread-4" [_thread_blocked, id=8048, stack(0x000000002ca50000,0x000000002cb50000)]
  0x000000001c4ce800 JavaThread "pool-52-thread-3" [_thread_blocked, id=2100, stack(0x000000002c950000,0x000000002ca50000)]
  0x000000001c4cc800 JavaThread "pool-52-thread-2" [_thread_blocked, id=32, stack(0x000000002c850000,0x000000002c950000)]
  0x000000001c4cb800 JavaThread "pool-53-thread-1" [_thread_blocked, id=11204, stack(0x000000002c750000,0x000000002c850000)]
  0x000000001c4cb000 JavaThread "pool-52-thread-1" [_thread_blocked, id=8812, stack(0x000000002c650000,0x000000002c750000)]
  0x00000000191df800 JavaThread "pool-40-thread-4" [_thread_blocked, id=1088, stack(0x000000002ac50000,0x000000002ad50000)]
  0x00000000191de000 JavaThread "pool-40-thread-3" [_thread_blocked, id=4800, stack(0x000000002ab50000,0x000000002ac50000)]
  0x000000001d590800 JavaThread "pool-40-thread-2" [_thread_blocked, id=3312, stack(0x000000002a450000,0x000000002a550000)]
  0x000000001c635000 JavaThread "pool-40-thread-1" [_thread_blocked, id=5484, stack(0x000000002a350000,0x000000002a450000)]
  0x000000001c633000 JavaThread "Stdin handler" [_thread_blocked, id=4336, stack(0x000000002a250000,0x000000002a350000)]
  0x000000001c632000 JavaThread "Asynchronous log dispatcher for org.gradle.launcher.daemon.server.DefaultDaemonConnection@1f495da4" [_thread_blocked, id=7824, stack(0x000000002a150000,0x000000002a250000)]
  0x000000001c631800 JavaThread "Daemon worker Thread 10" [_thread_blocked, id=8300, stack(0x000000002a050000,0x000000002a150000)]
  0x000000001c637800 JavaThread "Cancel handler" [_thread_blocked, id=9392, stack(0x0000000029f50000,0x000000002a050000)]
  0x000000001c636800 JavaThread "Handler for socket connection from /127.0.0.1:15900 to /127.0.0.1:29247" [_thread_in_native, id=7672, stack(0x0000000029e50000,0x0000000029f50000)]
  0x000000001c636000 JavaThread "Daemon Thread 10" [_thread_blocked, id=4228, stack(0x0000000029d50000,0x0000000029e50000)]
  0x000000001d58c000 JavaThread "pool-3-thread-4" [_thread_blocked, id=3188, stack(0x0000000025e50000,0x0000000025f50000)]
  0x00000000191d9000 JavaThread "pool-3-thread-3" [_thread_blocked, id=11184, stack(0x0000000024e50000,0x0000000024f50000)]
  0x000000001d594000 JavaThread "pool-3-thread-2" [_thread_blocked, id=10848, stack(0x0000000023750000,0x0000000023850000)]
  0x000000001d58f000 JavaThread "pool-3-thread-1" [_thread_blocked, id=10548, stack(0x0000000022850000,0x0000000022950000)]
  0x000000001d633000 JavaThread "File lock request listener" [_thread_in_native, id=10020, stack(0x000000001cd70000,0x000000001ce70000)]
  0x0000000018ecc000 JavaThread "pool-1-thread-1" [_thread_blocked, id=8660, stack(0x000000001a0d0000,0x000000001a1d0000)]
  0x0000000018e8d000 JavaThread "Incoming local TCP Connector on port 15900" [_thread_in_native, id=9028, stack(0x0000000019a30000,0x0000000019b30000)]
  0x00000000179ee000 JavaThread "Service Thread" daemon [_thread_blocked, id=10444, stack(0x0000000017f70000,0x0000000018070000)]
  0x0000000017979000 JavaThread "C1 CompilerThread2" daemon [_thread_blocked, id=5476, stack(0x0000000017e70000,0x0000000017f70000)]
  0x000000001634b000 JavaThread "C2 CompilerThread1" daemon [_thread_blocked, id=2284, stack(0x0000000017d70000,0x0000000017e70000)]
  0x00000000162fa800 JavaThread "C2 CompilerThread0" daemon [_thread_blocked, id=9504, stack(0x0000000017870000,0x0000000017970000)]
  0x00000000162f9800 JavaThread "Attach Listener" daemon [_thread_blocked, id=9580, stack(0x0000000017770000,0x0000000017870000)]
  0x0000000016349000 JavaThread "Signal Dispatcher" daemon [_thread_blocked, id=11144, stack(0x0000000017670000,0x0000000017770000)]
  0x000000000297b000 JavaThread "Finalizer" daemon [_thread_blocked, id=9176, stack(0x0000000017570000,0x0000000017670000)]
  0x0000000002970000 JavaThread "Reference Handler" daemon [_thread_blocked, id=9876, stack(0x0000000017470000,0x0000000017570000)]
  0x0000000002880800 JavaThread "main" [_thread_blocked, id=7792, stack(0x0000000002780000,0x0000000002880000)]

Other Threads:
  0x00000000162b4800 VMThread [stack: 0x0000000017370000,0x0000000017470000] [id=8152]
  0x000000001634e800 WatcherThread [stack: 0x0000000018070000,0x0000000018170000] [id=11044]

=>0x000000000289b000 (exited) GCTaskThread [stack: 0x0000000012550000,0x0000000012650000] [id=9692]

VM state:at safepoint (normal execution)

VM Mutex/Monitor currently owned by a thread:  ([mutex/lock_event])
[0x000000000239c7c0] Threads_lock - owner thread: 0x00000000162b4800
[0x000000000239c040] Heap_lock - owner thread: 0x000000001c4c8800

Heap:
 PSYoungGen      total 415232K, used 109041K [0x00000000e0000000, 0x0000000100000000, 0x0000000100000000)
  eden space 306176K, 0% used [0x00000000e0000000,0x00000000e0000000,0x00000000f2b00000)
  from space 109056K, 99% used [0x00000000f2b00000,0x00000000f957c5f8,0x00000000f9580000)
  to   space 109056K, 0% used [0x00000000f9580000,0x00000000f9580000,0x0000000100000000)
 ParOldGen       total 97792K, used 95008K [0x00000000a0000000, 0x00000000a5f80000, 0x00000000e0000000)
  object space 97792K, 97% used [0x00000000a0000000,0x00000000a5cc8050,0x00000000a5f80000)
 Metaspace       used 76342K, capacity 80882K, committed 81024K, reserved 1120256K
  class space    used 9668K, capacity 10553K, committed 10624K, reserved 1048576K

Card table byte_map: [0x0000000011d40000,0x0000000012050000] byte_map_base: 0x0000000011840000

Marking Bits: (ParMarkBitMap*) 0x0000000050f69d00
 Begin Bits: [0x0000000012650000, 0x0000000013e50000)
 End Bits:   [0x0000000013e50000, 0x0000000015650000)

Polling page: 0x0000000000b70000

CodeCache: size=245760Kb used=62961Kb max_used=63184Kb free=182798Kb
 bounds [0x0000000002980000, 0x00000000067d0000, 0x0000000011980000]
 total_blobs=17344 nmethods=16583 adapters=671
 compilation: enabled

Compilation events (10 events):
Event: 3725.886 Thread 0x0000000017979000 23786       2       com.android.dx.dex.code.form.Form22x::isCompatible (54 bytes)
Event: 3725.887 Thread 0x0000000017979000 nmethod 23786 0x00000000038dcb90 code [0x00000000038dcd20, 0x00000000038dcfd8]
Event: 3725.890 Thread 0x00000000162fa800 nmethod 23766 0x00000000052e4c90 code [0x00000000052e4fa0, 0x00000000052e7408]
Event: 3725.892 Thread 0x00000000162fa800 23782       4       com.android.dx.dex.code.OutputFinisher::massageInstructions (89 bytes)
Event: 3725.905 Thread 0x000000001634b000 nmethod 23656 0x000000000634b950 code [0x000000000634bdc0, 0x000000000634fa10]
Event: 3725.907 Thread 0x00000000162fa800 nmethod 23782 0x0000000002e6be10 code [0x0000000002e6bfc0, 0x0000000002e6c7a8]
Event: 3725.907 Thread 0x00000000162fa800 23787       4       com.android.dx.dex.code.StdCatchBuilder::build (262 bytes)
Event: 3725.907 Thread 0x000000001634b000 23781   !   4       com.android.dx.dex.code.OutputFinisher::fixBranches (234 bytes)
Event: 3725.926 Thread 0x000000001634b000 nmethod 23781 0x0000000003c11f10 code [0x0000000003c120a0, 0x0000000003c126f8]
Event: 3725.927 Thread 0x000000001634b000 23789       4       com.android.dx.dex.code.LocalList$MakeState::snapshot (110 bytes)

GC Heap History (10 events):
Event: 3719.298 GC heap after
Heap after GC invocations=51 (full 8):
 PSYoungGen      total 346624K, used 39954K [0x00000000e0000000, 0x00000000fd200000, 0x0000000100000000)
  eden space 306176K, 0% used [0x00000000e0000000,0x00000000e0000000,0x00000000f2b00000)
  from space 40448K, 98% used [0x00000000f3780000,0x00000000f5e849f8,0x00000000f5f00000)
  to   space 85504K, 0% used [0x00000000f7e80000,0x00000000f7e80000,0x00000000fd200000)
 ParOldGen       total 97792K, used 83308K [0x00000000a0000000, 0x00000000a5f80000, 0x00000000e0000000)
  object space 97792K, 85% used [0x00000000a0000000,0x00000000a515b258,0x00000000a5f80000)
 Metaspace       used 76101K, capacity 80550K, committed 80768K, reserved 1120256K
  class space    used 9661K, capacity 10551K, committed 10624K, reserved 1048576K
}
Event: 3721.956 GC heap before
{Heap before GC invocations=52 (full 8):
 PSYoungGen      total 346624K, used 346130K [0x00000000e0000000, 0x00000000fd200000, 0x0000000100000000)
  eden space 306176K, 100% used [0x00000000e0000000,0x00000000f2b00000,0x00000000f2b00000)
  from space 40448K, 98% used [0x00000000f3780000,0x00000000f5e849f8,0x00000000f5f00000)
  to   space 85504K, 0% used [0x00000000f7e80000,0x00000000f7e80000,0x00000000fd200000)
 ParOldGen       total 97792K, used 83308K [0x00000000a0000000, 0x00000000a5f80000, 0x00000000e0000000)
  object space 97792K, 85% used [0x00000000a0000000,0x00000000a515b258,0x00000000a5f80000)
 Metaspace       used 76184K, capacity 80754K, committed 81024K, reserved 1120256K
  class space    used 9666K, capacity 10553K, committed 10624K, reserved 1048576K
Event: 3722.083 GC heap after
Heap after GC invocations=52 (full 8):
 PSYoungGen      total 396288K, used 34644K [0x00000000e0000000, 0x00000000fe680000, 0x0000000100000000)
  eden space 310784K, 0% used [0x00000000e0000000,0x00000000e0000000,0x00000000f2f80000)
  from space 85504K, 40% used [0x00000000f7e80000,0x00000000fa0550e0,0x00000000fd200000)
  to   space 80896K, 0% used [0x00000000f2f80000,0x00000000f2f80000,0x00000000f7e80000)
 ParOldGen       total 97792K, used 83316K [0x00000000a0000000, 0x00000000a5f80000, 0x00000000e0000000)
  object space 97792K, 85% used [0x00000000a0000000,0x00000000a515d258,0x00000000a5f80000)
 Metaspace       used 76184K, capacity 80754K, committed 81024K, reserved 1120256K
  class space    used 9666K, capacity 10553K, committed 10624K, reserved 1048576K
}
Event: 3723.195 GC heap before
{Heap before GC invocations=53 (full 8):
 PSYoungGen      total 396288K, used 345428K [0x00000000e0000000, 0x00000000fe680000, 0x0000000100000000)
  eden space 310784K, 100% used [0x00000000e0000000,0x00000000f2f80000,0x00000000f2f80000)
  from space 85504K, 40% used [0x00000000f7e80000,0x00000000fa0550e0,0x00000000fd200000)
  to   space 80896K, 0% used [0x00000000f2f80000,0x00000000f2f80000,0x00000000f7e80000)
 ParOldGen       total 97792K, used 83316K [0x00000000a0000000, 0x00000000a5f80000, 0x00000000e0000000)
  object space 97792K, 85% used [0x00000000a0000000,0x00000000a515d258,0x00000000a5f80000)
 Metaspace       used 76258K, capacity 80818K, committed 81024K, reserved 1120256K
  class space    used 9668K, capacity 10553K, committed 10624K, reserved 1048576K
Event: 3723.373 GC heap after
Heap after GC invocations=53 (full 8):
 PSYoungGen      total 391680K, used 80869K [0x00000000e0000000, 0x0000000100000000, 0x0000000100000000)
  eden space 310784K, 0% used [0x00000000e0000000,0x00000000e0000000,0x00000000f2f80000)
  from space 80896K, 99% used [0x00000000f2f80000,0x00000000f7e795f0,0x00000000f7e80000)
  to   space 93696K, 0% used [0x00000000fa480000,0x00000000fa480000,0x0000000100000000)
 ParOldGen       total 97792K, used 85209K [0x00000000a0000000, 0x00000000a5f80000, 0x00000000e0000000)
  object space 97792K, 87% used [0x00000000a0000000,0x00000000a5336458,0x00000000a5f80000)
 Metaspace       used 76258K, capacity 80818K, committed 81024K, reserved 1120256K
  class space    used 9668K, capacity 10553K, committed 10624K, reserved 1048576K
}
Event: 3724.576 GC heap before
{Heap before GC invocations=54 (full 8):
 PSYoungGen      total 391680K, used 391653K [0x00000000e0000000, 0x0000000100000000, 0x0000000100000000)
  eden space 310784K, 100% used [0x00000000e0000000,0x00000000f2f80000,0x00000000f2f80000)
  from space 80896K, 99% used [0x00000000f2f80000,0x00000000f7e795f0,0x00000000f7e80000)
  to   space 93696K, 0% used [0x00000000fa480000,0x00000000fa480000,0x0000000100000000)
 ParOldGen       total 97792K, used 85209K [0x00000000a0000000, 0x00000000a5f80000, 0x00000000e0000000)
  object space 97792K, 87% used [0x00000000a0000000,0x00000000a5336458,0x00000000a5f80000)
 Metaspace       used 76312K, capacity 80818K, committed 81024K, reserved 1120256K
  class space    used 9668K, capacity 10553K, committed 10624K, reserved 1048576K
Event: 3724.817 GC heap after
Heap after GC invocations=54 (full 8):
 PSYoungGen      total 399872K, used 93672K [0x00000000e0000000, 0x0000000100000000, 0x0000000100000000)
  eden space 306176K, 0% used [0x00000000e0000000,0x00000000e0000000,0x00000000f2b00000)
  from space 93696K, 99% used [0x00000000fa480000,0x00000000ffffa1f8,0x0000000100000000)
  to   space 109056K, 0% used [0x00000000f2b00000,0x00000000f2b00000,0x00000000f9580000)
 ParOldGen       total 97792K, used 88680K [0x00000000a0000000, 0x00000000a5f80000, 0x00000000e0000000)
  object space 97792K, 90% used [0x00000000a0000000,0x00000000a569a1f8,0x00000000a5f80000)
 Metaspace       used 76312K, capacity 80818K, committed 81024K, reserved 1120256K
  class space    used 9668K, capacity 10553K, committed 10624K, reserved 1048576K
}
Event: 3725.935 GC heap before
{Heap before GC invocations=55 (full 8):
 PSYoungGen      total 399872K, used 399848K [0x00000000e0000000, 0x0000000100000000, 0x0000000100000000)
  eden space 306176K, 100% used [0x00000000e0000000,0x00000000f2b00000,0x00000000f2b00000)
  from space 93696K, 99% used [0x00000000fa480000,0x00000000ffffa1f8,0x0000000100000000)
  to   space 109056K, 0% used [0x00000000f2b00000,0x00000000f2b00000,0x00000000f9580000)
 ParOldGen       total 97792K, used 88680K [0x00000000a0000000, 0x00000000a5f80000, 0x00000000e0000000)
  object space 97792K, 90% used [0x00000000a0000000,0x00000000a569a1f8,0x00000000a5f80000)
 Metaspace       used 76342K, capacity 80882K, committed 81024K, reserved 1120256K
  class space    used 9668K, capacity 10553K, committed 10624K, reserved 1048576K
Event: 3726.105 GC heap after
Heap after GC invocations=55 (full 8):
 PSYoungGen      total 415232K, used 109041K [0x00000000e0000000, 0x0000000100000000, 0x0000000100000000)
  eden space 306176K, 0% used [0x00000000e0000000,0x00000000e0000000,0x00000000f2b00000)
  from space 109056K, 99% used [0x00000000f2b00000,0x00000000f957c5f8,0x00000000f9580000)
  to   space 109056K, 0% used [0x00000000f9580000,0x00000000f9580000,0x0000000100000000)
 ParOldGen       total 97792K, used 95008K [0x00000000a0000000, 0x00000000a5f80000, 0x00000000e0000000)
  object space 97792K, 97% used [0x00000000a0000000,0x00000000a5cc8050,0x00000000a5f80000)
 Metaspace       used 76342K, capacity 80882K, committed 81024K, reserved 1120256K
  class space    used 9668K, capacity 10553K, committed 10624K, reserved 1048576K
}
Event: 3726.105 GC heap before
{Heap before GC invocations=56 (full 9):
 PSYoungGen      total 415232K, used 109041K [0x00000000e0000000, 0x0000000100000000, 0x0000000100000000)
  eden space 306176K, 0% used [0x00000000e0000000,0x00000000e0000000,0x00000000f2b00000)
  from space 109056K, 99% used [0x00000000f2b00000,0x00000000f957c5f8,0x00000000f9580000)
  to   space 109056K, 0% used [0x00000000f9580000,0x00000000f9580000,0x0000000100000000)
 ParOldGen       total 97792K, used 95008K [0x00000000a0000000, 0x00000000a5f80000, 0x00000000e0000000)
  object space 97792K, 97% used [0x00000000a0000000,0x00000000a5cc8050,0x00000000a5f80000)
 Metaspace       used 76342K, capacity 80882K, committed 81024K, reserved 1120256K
  class space    used 9668K, capacity 10553K, committed 10624K, reserved 1048576K

Deoptimization events (10 events):
Event: 3724.357 Thread 0x000000001d58c000 Uncommon trap: reason=unstable_if action=reinterpret pc=0x0000000005b9d2ac method=com.android.dx.dex.code.LocalList$MakeState.filterSpec(Lcom/android/dx/rop/code/RegisterSpec;)Lcom/android/dx/rop/code/RegisterSpec; @ 11
Event: 3724.357 Thread 0x000000001d58c000 Uncommon trap: reason=unstable_if action=reinterpret pc=0x00000000049297b8 method=com.android.dx.dex.code.LocalList$MakeState.filterSpec(Lcom/android/dx/rop/code/RegisterSpec;)Lcom/android/dx/rop/code/RegisterSpec; @ 11
Event: 3724.841 Thread 0x000000001d58c000 Uncommon trap: reason=unstable_if action=reinterpret pc=0x000000000440337c method=java.lang.Long.numberOfTrailingZeros(J)I @ 3
Event: 3724.923 Thread 0x000000001d58c000 Uncommon trap: reason=bimorphic action=maybe_recompile pc=0x00000000062687a0 method=java.io.BufferedOutputStream.flushBuffer()V @ 20
Event: 3725.075 Thread 0x000000001d594000 Uncommon trap: reason=unstable_if action=reinterpret pc=0x0000000004ea78dc method=com.android.dx.dex.code.LocalList$MakeState.snapshot(ILcom/android/dx/rop/code/RegisterSpecSet;)V @ 86
Event: 3725.133 Thread 0x000000001d58f000 Uncommon trap: reason=bimorphic action=maybe_recompile pc=0x00000000062687a0 method=java.io.BufferedOutputStream.flushBuffer()V @ 20
Event: 3725.285 Thread 0x000000001d594000 Uncommon trap: reason=bimorphic action=maybe_recompile pc=0x00000000062687a0 method=java.io.BufferedOutputStream.flushBuffer()V @ 20
Event: 3725.321 Thread 0x000000001c4ce800 Uncommon trap: reason=unstable_if action=reinterpret pc=0x0000000004b10528 method=com.android.dx.dex.code.OutputFinisher.hasLocalInfo(Lcom/android/dx/dex/code/DalvInsn;)Z @ 24
Event: 3725.391 Thread 0x000000001c4cb000 Uncommon trap: reason=unstable_if action=reinterpret pc=0x000000000636160c method=com.android.dx.ssa.PhiTypeResolver.resolveResultType(Lcom/android/dx/ssa/PhiInsn;)Z @ 64
Event: 3725.579 Thread 0x000000001c4c8000 Uncommon trap: reason=unstable_if action=reinterpret pc=0x0000000005fed9fc method=com.android.dx.rop.code.LocalItem.compareHandlesNulls(Lcom/android/dx/rop/cst/CstString;Lcom/android/dx/rop/cst/CstString;)I @ 14

Internal exceptions (10 events):
Event: 3706.652 Thread 0x000000001c631800 Exception <a 'sun/nio/fs/WindowsException'> (0x00000000e509bbf8) thrown at [C:\src\android\AOSP-openjdk\external\jetbrains\jdk\hotspot\src\share\vm\prims\jni.cpp, line 709]
Event: 3706.652 Thread 0x000000001c631800 Exception <a 'sun/nio/fs/WindowsException'> (0x00000000e509e6d0) thrown at [C:\src\android\AOSP-openjdk\external\jetbrains\jdk\hotspot\src\share\vm\prims\jni.cpp, line 709]
Event: 3706.652 Thread 0x000000001c631800 Exception <a 'sun/nio/fs/WindowsException'> (0x00000000e509f318) thrown at [C:\src\android\AOSP-openjdk\external\jetbrains\jdk\hotspot\src\share\vm\prims\jni.cpp, line 709]
Event: 3706.653 Thread 0x000000001c631800 Exception <a 'sun/nio/fs/WindowsException'> (0x00000000e50a0f90) thrown at [C:\src\android\AOSP-openjdk\external\jetbrains\jdk\hotspot\src\share\vm\prims\jni.cpp, line 709]
Event: 3706.653 Thread 0x000000001c631800 Exception <a 'sun/nio/fs/WindowsException'> (0x00000000e50a1c10) thrown at [C:\src\android\AOSP-openjdk\external\jetbrains\jdk\hotspot\src\share\vm\prims\jni.cpp, line 709]
Event: 3714.097 Thread 0x000000001c631800 Implicit null exception at 0x00000000061af29c to 0x00000000061af661
Event: 3721.191 Thread 0x000000001d58f000 Implicit null exception at 0x0000000005192bc0 to 0x00000000051938c1
Event: 3722.301 Thread 0x000000001c4c9800 Implicit null exception at 0x00000000063035cc to 0x0000000006303ee1
Event: 3725.391 Thread 0x000000001c4cb000 Implicit null exception at 0x000000000635fdb6 to 0x00000000063615e0
Event: 3725.579 Thread 0x000000001c4c8000 Implicit null exception at 0x0000000005fecb57 to 0x0000000005fed9d9

Events (10 events):
Event: 3725.914 Executing VM operation: RevokeBias done
Event: 3725.915 Thread 0x000000001c4ce800 DEOPT PACKING pc=0x00000000062a8293 sp=0x000000002ca4e5d0
Event: 3725.915 Thread 0x000000001c4ce800 DEOPT UNPACKING pc=0x00000000029c75bf sp=0x000000002ca4e3a8 mode 0
Event: 3725.926 Thread 0x000000001634b000 flushing nmethod 0x0000000003046d50
Event: 3725.926 Thread 0x000000001634b000 flushing nmethod 0x00000000030aa610
Event: 3725.927 Thread 0x00000000191d9000 DEOPT PACKING pc=0x0000000005b14fd9 sp=0x0000000024f4e8b0
Event: 3725.928 Thread 0x00000000191d9000 DEOPT UNPACKING pc=0x00000000029c75bf sp=0x0000000024f4e600 mode 0
Event: 3725.932 Thread 0x00000000191d9000 DEOPT PACKING pc=0x0000000005b14fd9 sp=0x0000000024f4e8b0
Event: 3725.932 Thread 0x00000000191d9000 DEOPT UNPACKING pc=0x00000000029c75bf sp=0x0000000024f4e600 mode 0
Event: 3725.935 Executing VM operation: RevokeBias


Dynamic libraries:
0x00007ff7406b0000 - 0x00007ff7406e1000 	C:\Program Files\Android\Android Studio\jre\bin\java.exe
0x00007ff8f2040000 - 0x00007ff8f2211000 	C:\Windows\SYSTEM32\ntdll.dll
0x00007ff8f0340000 - 0x00007ff8f03eb000 	C:\Windows\System32\KERNEL32.DLL
0x00007ff8db7f0000 - 0x00007ff8db823000 	C:\Program Files\AVAST Software\Avast\x64\aswhooka.dll
0x00007ff8ee930000 - 0x00007ff8eeb4d000 	C:\Windows\System32\KERNELBASE.dll
0x00007ff8ef970000 - 0x00007ff8efa12000 	C:\Windows\System32\ADVAPI32.dll
0x00007ff8efc40000 - 0x00007ff8efcde000 	C:\Windows\System32\msvcrt.dll
0x00007ff8efa20000 - 0x00007ff8efa79000 	C:\Windows\System32\sechost.dll
0x00007ff8f1da0000 - 0x00007ff8f1ec1000 	C:\Windows\System32\RPCRT4.dll
0x00007ff8f1ed0000 - 0x00007ff8f2035000 	C:\Windows\System32\USER32.dll
0x00007ff8ef230000 - 0x00007ff8ef24e000 	C:\Windows\System32\win32u.dll
0x00007ff8ef920000 - 0x00007ff8ef954000 	C:\Windows\System32\GDI32.dll
0x00007ff8ee530000 - 0x00007ff8ee6b2000 	C:\Windows\System32\gdi32full.dll
0x00007ff8e7540000 - 0x00007ff8e77ba000 	C:\Windows\WinSxS\amd64_microsoft.windows.common-controls_6595b64144ccf1df_6.0.14393.953_none_42151e83c686086b\COMCTL32.dll
0x00007ff8ef5d0000 - 0x00007ff8ef898000 	C:\Windows\System32\combase.dll
0x00007ff8ef4d0000 - 0x00007ff8ef5c5000 	C:\Windows\System32\ucrtbase.dll
0x00007ff8ee7c0000 - 0x00007ff8ee82a000 	C:\Windows\System32\bcryptPrimitives.dll
0x00007ff8f0200000 - 0x00007ff8f022e000 	C:\Windows\System32\IMM32.DLL
0x0000000051280000 - 0x0000000051352000 	C:\Program Files\Android\Android Studio\jre\jre\bin\msvcr100.dll
0x00000000507b0000 - 0x0000000050fe4000 	C:\Program Files\Android\Android Studio\jre\jre\bin\server\jvm.dll
0x00007ff8ef960000 - 0x00007ff8ef968000 	C:\Windows\System32\PSAPI.DLL
0x00007ff8d3680000 - 0x00007ff8d3689000 	C:\Windows\SYSTEM32\WSOCK32.dll
0x00007ff8f0230000 - 0x00007ff8f029a000 	C:\Windows\System32\WS2_32.dll
0x00007ff8ec900000 - 0x00007ff8ec923000 	C:\Windows\SYSTEM32\WINMM.dll
0x00007ff8ea6b0000 - 0x00007ff8ea6ba000 	C:\Windows\SYSTEM32\VERSION.dll
0x00007ff8ec8d0000 - 0x00007ff8ec8fb000 	C:\Windows\SYSTEM32\WINMMBASE.dll
0x00007ff8ee6c0000 - 0x00007ff8ee702000 	C:\Windows\System32\cfgmgr32.dll
0x00007ff8ebcd0000 - 0x00007ff8ebcdf000 	C:\Program Files\Android\Android Studio\jre\jre\bin\verify.dll
0x00007ff8e4150000 - 0x00007ff8e4179000 	C:\Program Files\Android\Android Studio\jre\jre\bin\java.dll
0x00007ff8e4130000 - 0x00007ff8e4146000 	C:\Program Files\Android\Android Studio\jre\jre\bin\zip.dll
0x00007ff8f0890000 - 0x00007ff8f1d99000 	C:\Windows\System32\SHELL32.dll
0x00007ff8eeb50000 - 0x00007ff8ef22a000 	C:\Windows\System32\windows.storage.dll
0x00007ff8ee4e0000 - 0x00007ff8ee52c000 	C:\Windows\System32\powrprof.dll
0x00007ff8ef8a0000 - 0x00007ff8ef8f2000 	C:\Windows\System32\shlwapi.dll
0x00007ff8ee4c0000 - 0x00007ff8ee4cf000 	C:\Windows\System32\kernel.appcore.dll
0x00007ff8ef250000 - 0x00007ff8ef2f9000 	C:\Windows\System32\shcore.dll
0x00007ff8ee4a0000 - 0x00007ff8ee4b4000 	C:\Windows\System32\profapi.dll
0x00007ff8e3b90000 - 0x00007ff8e3baa000 	C:\Program Files\Android\Android Studio\jre\jre\bin\net.dll
0x00007ff8eddd0000 - 0x00007ff8ede2c000 	C:\Windows\system32\mswsock.dll
0x00007ff8e1500000 - 0x00007ff8e1511000 	C:\Program Files\Android\Android Studio\jre\jre\bin\nio.dll
0x00007ff8cdbf0000 - 0x00007ff8cdc02000 	C:\Users\JJY\.gradle\native\19\windows-amd64\native-platform.dll
0x00007ff8edf80000 - 0x00007ff8edf97000 	C:\Windows\SYSTEM32\CRYPTSP.dll
0x00007ff8ed9d0000 - 0x00007ff8eda03000 	C:\Windows\system32\rsaenh.dll
0x00007ff8ee080000 - 0x00007ff8ee0ab000 	C:\Windows\SYSTEM32\bcrypt.dll
0x00007ff8edc50000 - 0x00007ff8edc6f000 	C:\Windows\SYSTEM32\USERENV.dll
0x00007ff8edf70000 - 0x00007ff8edf7b000 	C:\Windows\SYSTEM32\CRYPTBASE.dll
0x00007ff8edb50000 - 0x00007ff8edb88000 	C:\Windows\SYSTEM32\IPHLPAPI.DLL
0x00007ff8efaf0000 - 0x00007ff8efaf8000 	C:\Windows\System32\NSI.dll
0x00007ff8e8fa0000 - 0x00007ff8e8fb6000 	C:\Windows\SYSTEM32\dhcpcsvc6.DLL
0x00007ff8e9590000 - 0x00007ff8e95aa000 	C:\Windows\SYSTEM32\dhcpcsvc.DLL
0x00007ff8e3b80000 - 0x00007ff8e3b8d000 	C:\Program Files\Android\Android Studio\jre\jre\bin\management.dll
0x00007ff8df150000 - 0x00007ff8df2e2000 	C:\Windows\SYSTEM32\dbghelp.dll

VM Arguments:
jvm_args: -Xmx1536m -Dfile.encoding=x-windows-949 -Duser.country=KR -Duser.language=ko -Duser.variant 
java_command: org.gradle.launcher.daemon.bootstrap.GradleDaemon 2.14.1
java_class_path (initial): C:\Users\JJY\.gradle\wrapper\dists\gradle-2.14.1-all\8bnwg5hd3w55iofp58khbp6yv\gradle-2.14.1\lib\gradle-launcher-2.14.1.jar
Launcher Type: SUN_STANDARD

Environment Variables:
PATH=C:\ProgramData\Oracle\Java\javapath;C:\Windows\system32;C:\Windows;C:\Windows\System32\Wbem;C:\Windows\System32\WindowsPowerShell\v1.0\;C:\Program Files\Git\cmd;C:\Program Files (x86)\Windows Kits\8.1\Windows Performance Toolkit\;C:\Program Files\Microsoft SQL Server\110\Tools\Binn\;C:\Program Files (x86)\Microsoft SDKs\TypeScript\1.0\;C:\Program Files\Microsoft SQL Server\120\Tools\Binn\;C:\Program Files\Java\jdk1.8.0_121\bin;C:\opencv\build\x64\vc12\bin;C:\Users\JJY\AppData\Local\Microsoft\WindowsApps;C:\Program Files\Bandizip\7z
USERNAME=JJY
OS=Windows_NT
PROCESSOR_IDENTIFIER=Intel64 Family 6 Model 61 Stepping 4, GenuineIntel



---------------  S Y S T E M  ---------------

OS: Windows 10.0 , 64 bit Build 14393 (10.0.14393.0)

CPU:total 4 (2 cores per cpu, 2 threads per core) family 6 model 61 stepping 4, cmov, cx8, fxsr, mmx, sse, sse2, sse3, ssse3, sse4.1, sse4.2, popcnt, avx, avx2, aes, clmul, erms, 3dnowpref, lzcnt, ht, tsc, tscinvbit, bmi1, bmi2, adx

Memory: 4k page, physical 8301988k(1870368k free), swap 13020580k(5481652k free)

vm_info: OpenJDK 64-Bit Server VM (25.76-b03) for windows-amd64 JRE (1.8.0_76-release-b03), built on Jun 29 2016 19:09:20 by "ralucas" with MS VC++ 10.0 (VS2010)

time: Wed Apr 12 17:13:24 2017
elapsed time: 3726 seconds (0d 1h 2m 6s)

